{"/Users/Pien/Projects/smog_bielsko/components/StationDataRenderer.js": {"path":"/Users/Pien/Projects/smog_bielsko/components/StationDataRenderer.js","statementMap":{"0":{"start":{"line":11,"column":4},"end":{"line":13,"column":6}},"1":{"start":{"line":17,"column":4},"end":{"line":17,"column":17}},"2":{"start":{"line":18,"column":4},"end":{"line":21,"column":6}},"3":{"start":{"line":25,"column":4},"end":{"line":25,"column":19}},"4":{"start":{"line":29,"column":4},"end":{"line":43,"column":5}},"5":{"start":{"line":30,"column":6},"end":{"line":34,"column":7}},"6":{"start":{"line":36,"column":6},"end":{"line":42,"column":7}},"7":{"start":{"line":47,"column":4},"end":{"line":51,"column":8}},"8":{"start":{"line":48,"column":26},"end":{"line":48,"column":41}},"9":{"start":{"line":50,"column":8},"end":{"line":50,"column":71}},"10":{"start":{"line":59,"column":15},"end":{"line":69,"column":2}}},"fnMap":{"0":{"name":"(anonymous_0)","decl":{"start":{"line":10,"column":2},"end":{"line":10,"column":3}},"loc":{"start":{"line":10,"column":28},"end":{"line":14,"column":3}}},"1":{"name":"(anonymous_1)","decl":{"start":{"line":16,"column":2},"end":{"line":16,"column":3}},"loc":{"start":{"line":16,"column":21},"end":{"line":22,"column":3}}},"2":{"name":"(anonymous_2)","decl":{"start":{"line":24,"column":2},"end":{"line":24,"column":3}},"loc":{"start":{"line":24,"column":23},"end":{"line":26,"column":3}}},"3":{"name":"(anonymous_3)","decl":{"start":{"line":28,"column":2},"end":{"line":28,"column":3}},"loc":{"start":{"line":28,"column":11},"end":{"line":44,"column":3}}},"4":{"name":"(anonymous_4)","decl":{"start":{"line":46,"column":2},"end":{"line":46,"column":3}},"loc":{"start":{"line":46,"column":12},"end":{"line":52,"column":3}}},"5":{"name":"(anonymous_5)","decl":{"start":{"line":48,"column":12},"end":{"line":48,"column":13}},"loc":{"start":{"line":48,"column":26},"end":{"line":48,"column":41}}},"6":{"name":"(anonymous_6)","decl":{"start":{"line":49,"column":12},"end":{"line":49,"column":13}},"loc":{"start":{"line":49,"column":30},"end":{"line":51,"column":7}}}},"branchMap":{"0":{"loc":{"start":{"line":29,"column":4},"end":{"line":43,"column":5}},"type":"if","locations":[{"start":{"line":29,"column":4},"end":{"line":43,"column":5}},{"start":{"line":29,"column":4},"end":{"line":43,"column":5}}]}},"s":{"0":10,"1":5,"2":5,"3":5,"4":11,"5":6,"6":5,"7":5,"8":5,"9":5,"10":1},"f":{"0":10,"1":5,"2":5,"3":11,"4":5,"5":5,"6":5},"b":{"0":[6,5]},"_coverageSchema":"332fd63041d2c1bcb487cc26dd0d5f7d97098a6c","hash":"8e3580c3154b53b65cb9cffa19cfc7c1198c6133"}
,"/Users/Pien/Projects/smog_bielsko/components/city/CityDescription.js": {"path":"/Users/Pien/Projects/smog_bielsko/components/city/CityDescription.js","statementMap":{"0":{"start":{"line":6,"column":4},"end":{"line":12,"column":5}},"1":{"start":{"line":19,"column":15},"end":{"line":23,"column":2}}},"fnMap":{"0":{"name":"(anonymous_0)","decl":{"start":{"line":5,"column":2},"end":{"line":5,"column":3}},"loc":{"start":{"line":5,"column":11},"end":{"line":13,"column":3}}}},"branchMap":{},"s":{"0":2,"1":3},"f":{"0":2},"b":{},"_coverageSchema":"332fd63041d2c1bcb487cc26dd0d5f7d97098a6c","hash":"96c4970f41fbe1c42c47dba5e8ba817aa7e44b50"}
,"/Users/Pien/Projects/smog_bielsko/components/city/CityInfo.js": {"path":"/Users/Pien/Projects/smog_bielsko/components/city/CityInfo.js","statementMap":{"0":{"start":{"line":9,"column":4},"end":{"line":9,"column":17}},"1":{"start":{"line":10,"column":4},"end":{"line":12,"column":6}},"2":{"start":{"line":16,"column":4},"end":{"line":21,"column":5}},"3":{"start":{"line":25,"column":4},"end":{"line":25,"column":49}},"4":{"start":{"line":33,"column":15},"end":{"line":38,"column":2}}},"fnMap":{"0":{"name":"(anonymous_0)","decl":{"start":{"line":8,"column":2},"end":{"line":8,"column":3}},"loc":{"start":{"line":8,"column":21},"end":{"line":13,"column":3}}},"1":{"name":"(anonymous_1)","decl":{"start":{"line":15,"column":2},"end":{"line":15,"column":3}},"loc":{"start":{"line":15,"column":11},"end":{"line":22,"column":3}}},"2":{"name":"(anonymous_2)","decl":{"start":{"line":24,"column":2},"end":{"line":24,"column":3}},"loc":{"start":{"line":24,"column":20},"end":{"line":26,"column":3}}}},"branchMap":{},"s":{"0":2,"1":2,"2":2,"3":4,"4":2},"f":{"0":2,"1":2,"2":4},"b":{},"_coverageSchema":"332fd63041d2c1bcb487cc26dd0d5f7d97098a6c","hash":"b11f2cecab5a2e9d63657cbde0a75a68836f81f1"}
,"/Users/Pien/Projects/smog_bielsko/components/city/CityName.js": {"path":"/Users/Pien/Projects/smog_bielsko/components/city/CityName.js","statementMap":{"0":{"start":{"line":6,"column":4},"end":{"line":6,"column":17}},"1":{"start":{"line":10,"column":4},"end":{"line":16,"column":5}},"2":{"start":{"line":24,"column":15},"end":{"line":29,"column":2}}},"fnMap":{"0":{"name":"(anonymous_0)","decl":{"start":{"line":5,"column":2},"end":{"line":5,"column":3}},"loc":{"start":{"line":5,"column":21},"end":{"line":7,"column":3}}},"1":{"name":"(anonymous_1)","decl":{"start":{"line":9,"column":2},"end":{"line":9,"column":3}},"loc":{"start":{"line":9,"column":11},"end":{"line":17,"column":3}}}},"branchMap":{},"s":{"0":2,"1":2,"2":3},"f":{"0":2,"1":2},"b":{},"_coverageSchema":"332fd63041d2c1bcb487cc26dd0d5f7d97098a6c","hash":"7661e4d36c7503b6b0e946bdb564fff0b5da8134"}
,"/Users/Pien/Projects/smog_bielsko/components/nav/DrawerCityLink.js": {"path":"/Users/Pien/Projects/smog_bielsko/components/nav/DrawerCityLink.js","statementMap":{"0":{"start":{"line":6,"column":4},"end":{"line":16,"column":5}},"1":{"start":{"line":8,"column":23},"end":{"line":8,"column":68}},"2":{"start":{"line":20,"column":4},"end":{"line":20,"column":69}},"3":{"start":{"line":30,"column":15},"end":{"line":40,"column":2}}},"fnMap":{"0":{"name":"(anonymous_0)","decl":{"start":{"line":5,"column":2},"end":{"line":5,"column":3}},"loc":{"start":{"line":5,"column":11},"end":{"line":17,"column":3}}},"1":{"name":"(anonymous_1)","decl":{"start":{"line":8,"column":17},"end":{"line":8,"column":18}},"loc":{"start":{"line":8,"column":23},"end":{"line":8,"column":68}}},"2":{"name":"(anonymous_2)","decl":{"start":{"line":19,"column":2},"end":{"line":19,"column":3}},"loc":{"start":{"line":19,"column":13},"end":{"line":21,"column":3}}}},"branchMap":{"0":{"loc":{"start":{"line":9,"column":15},"end":{"line":9,"column":53}},"type":"cond-expr","locations":[{"start":{"line":9,"column":33},"end":{"line":9,"column":46}},{"start":{"line":9,"column":49},"end":{"line":9,"column":53}}]}},"s":{"0":6,"1":1,"2":8,"3":2},"f":{"0":6,"1":1,"2":8},"b":{"0":[5,1]},"_coverageSchema":"332fd63041d2c1bcb487cc26dd0d5f7d97098a6c","hash":"4b69a12bd84a053608642915c53f2e34a0706eb3"}
,"/Users/Pien/Projects/smog_bielsko/components/nav/DrawerHeader.js": {"path":"/Users/Pien/Projects/smog_bielsko/components/nav/DrawerHeader.js","statementMap":{"0":{"start":{"line":6,"column":4},"end":{"line":10,"column":5}},"1":{"start":{"line":18,"column":15},"end":{"line":25,"column":2}}},"fnMap":{"0":{"name":"(anonymous_0)","decl":{"start":{"line":5,"column":2},"end":{"line":5,"column":3}},"loc":{"start":{"line":5,"column":11},"end":{"line":11,"column":3}}}},"branchMap":{},"s":{"0":2,"1":2},"f":{"0":2},"b":{},"_coverageSchema":"332fd63041d2c1bcb487cc26dd0d5f7d97098a6c","hash":"2e106d5af0477d8b02344fada2fd1fb6b5bfcdd2"}
,"/Users/Pien/Projects/smog_bielsko/components/nav/DrawerMenu.js": {"path":"/Users/Pien/Projects/smog_bielsko/components/nav/DrawerMenu.js","statementMap":{"0":{"start":{"line":9,"column":4},"end":{"line":21,"column":5}},"1":{"start":{"line":29,"column":15},"end":{"line":33,"column":2}}},"fnMap":{"0":{"name":"(anonymous_0)","decl":{"start":{"line":8,"column":2},"end":{"line":8,"column":3}},"loc":{"start":{"line":8,"column":11},"end":{"line":22,"column":3}}}},"branchMap":{},"s":{"0":2,"1":1},"f":{"0":2},"b":{},"_coverageSchema":"332fd63041d2c1bcb487cc26dd0d5f7d97098a6c","hash":"d0a681f35b4086b416823f0cb1678ed2758d83e1"}
,"/Users/Pien/Projects/smog_bielsko/components/pollution/AirQualityIndex.js": {"path":"/Users/Pien/Projects/smog_bielsko/components/pollution/AirQualityIndex.js","statementMap":{"0":{"start":{"line":6,"column":16},"end":{"line":6,"column":59}},"1":{"start":{"line":7,"column":4},"end":{"line":11,"column":5}},"2":{"start":{"line":15,"column":4},"end":{"line":15,"column":30}},"3":{"start":{"line":15,"column":20},"end":{"line":15,"column":28}},"4":{"start":{"line":16,"column":4},"end":{"line":16,"column":31}},"5":{"start":{"line":16,"column":21},"end":{"line":16,"column":29}},"6":{"start":{"line":17,"column":4},"end":{"line":17,"column":31}},"7":{"start":{"line":17,"column":21},"end":{"line":17,"column":29}},"8":{"start":{"line":18,"column":4},"end":{"line":18,"column":31}},"9":{"start":{"line":18,"column":21},"end":{"line":18,"column":29}},"10":{"start":{"line":19,"column":4},"end":{"line":19,"column":31}},"11":{"start":{"line":19,"column":21},"end":{"line":19,"column":29}},"12":{"start":{"line":20,"column":4},"end":{"line":20,"column":12}},"13":{"start":{"line":28,"column":14},"end":{"line":35,"column":1}},"14":{"start":{"line":37,"column":15},"end":{"line":44,"column":1}},"15":{"start":{"line":46,"column":15},"end":{"line":56,"column":2}}},"fnMap":{"0":{"name":"(anonymous_0)","decl":{"start":{"line":5,"column":2},"end":{"line":5,"column":3}},"loc":{"start":{"line":5,"column":11},"end":{"line":12,"column":3}}},"1":{"name":"(anonymous_1)","decl":{"start":{"line":14,"column":2},"end":{"line":14,"column":3}},"loc":{"start":{"line":14,"column":28},"end":{"line":21,"column":3}}}},"branchMap":{"0":{"loc":{"start":{"line":15,"column":4},"end":{"line":15,"column":30}},"type":"if","locations":[{"start":{"line":15,"column":4},"end":{"line":15,"column":30}},{"start":{"line":15,"column":4},"end":{"line":15,"column":30}}]},"1":{"loc":{"start":{"line":16,"column":4},"end":{"line":16,"column":31}},"type":"if","locations":[{"start":{"line":16,"column":4},"end":{"line":16,"column":31}},{"start":{"line":16,"column":4},"end":{"line":16,"column":31}}]},"2":{"loc":{"start":{"line":17,"column":4},"end":{"line":17,"column":31}},"type":"if","locations":[{"start":{"line":17,"column":4},"end":{"line":17,"column":31}},{"start":{"line":17,"column":4},"end":{"line":17,"column":31}}]},"3":{"loc":{"start":{"line":18,"column":4},"end":{"line":18,"column":31}},"type":"if","locations":[{"start":{"line":18,"column":4},"end":{"line":18,"column":31}},{"start":{"line":18,"column":4},"end":{"line":18,"column":31}}]},"4":{"loc":{"start":{"line":19,"column":4},"end":{"line":19,"column":31}},"type":"if","locations":[{"start":{"line":19,"column":4},"end":{"line":19,"column":31}},{"start":{"line":19,"column":4},"end":{"line":19,"column":31}}]}},"s":{"0":8,"1":8,"2":14,"3":9,"4":5,"5":1,"6":4,"7":1,"8":3,"9":1,"10":2,"11":1,"12":1,"13":2,"14":2,"15":2},"f":{"0":8,"1":14},"b":{"0":[9,5],"1":[1,4],"2":[1,3],"3":[1,2],"4":[1,1]},"_coverageSchema":"332fd63041d2c1bcb487cc26dd0d5f7d97098a6c","hash":"0431dc6424846c584f19d7ab8a62f512696fbd5b"}
,"/Users/Pien/Projects/smog_bielsko/components/pollution/PollutionValues.js": {"path":"/Users/Pien/Projects/smog_bielsko/components/pollution/PollutionValues.js","statementMap":{"0":{"start":{"line":6,"column":15},"end":{"line":6,"column":17}},"1":{"start":{"line":7,"column":4},"end":{"line":11,"column":5}},"2":{"start":{"line":8,"column":16},"end":{"line":8,"column":40}},"3":{"start":{"line":9,"column":17},"end":{"line":9,"column":39}},"4":{"start":{"line":10,"column":6},"end":{"line":10,"column":98}},"5":{"start":{"line":13,"column":4},"end":{"line":17,"column":5}},"6":{"start":{"line":21,"column":4},"end":{"line":21,"column":43}},"7":{"start":{"line":25,"column":4},"end":{"line":25,"column":59}},"8":{"start":{"line":33,"column":14},"end":{"line":43,"column":1}},"9":{"start":{"line":45,"column":17},"end":{"line":50,"column":1}},"10":{"start":{"line":52,"column":15},"end":{"line":61,"column":2}}},"fnMap":{"0":{"name":"(anonymous_0)","decl":{"start":{"line":5,"column":2},"end":{"line":5,"column":3}},"loc":{"start":{"line":5,"column":11},"end":{"line":18,"column":3}}},"1":{"name":"(anonymous_1)","decl":{"start":{"line":20,"column":2},"end":{"line":20,"column":3}},"loc":{"start":{"line":20,"column":19},"end":{"line":22,"column":3}}},"2":{"name":"(anonymous_2)","decl":{"start":{"line":24,"column":2},"end":{"line":24,"column":3}},"loc":{"start":{"line":24,"column":24},"end":{"line":26,"column":3}}}},"branchMap":{},"s":{"0":4,"1":4,"2":8,"3":8,"4":8,"5":4,"6":30,"7":9,"8":2,"9":2,"10":2},"f":{"0":4,"1":30,"2":9},"b":{},"_coverageSchema":"332fd63041d2c1bcb487cc26dd0d5f7d97098a6c","hash":"59f886b99aa6ba7b5a34e95f85529aad86ec5437"}
}
