TN:
SF:/Users/Pien/Projects/smog_bielsko/components/StationDataRenderer.js
FN:10,(anonymous_0)
FN:16,(anonymous_1)
FN:24,(anonymous_2)
FN:28,(anonymous_3)
FN:46,(anonymous_4)
FN:48,(anonymous_5)
FN:49,(anonymous_6)
FN:52,(anonymous_7)
FNF:8
FNH:7
FNDA:10,(anonymous_0)
FNDA:5,(anonymous_1)
FNDA:5,(anonymous_2)
FNDA:11,(anonymous_3)
FNDA:5,(anonymous_4)
FNDA:5,(anonymous_5)
FNDA:5,(anonymous_6)
FNDA:0,(anonymous_7)
DA:11,10
DA:17,5
DA:18,5
DA:25,5
DA:29,11
DA:30,6
DA:36,5
DA:47,5
DA:48,5
DA:50,5
DA:53,0
DA:62,1
LF:12
LH:11
BRDA:29,0,0,6
BRDA:29,0,1,5
BRF:2
BRH:2
end_of_record
TN:
SF:/Users/Pien/Projects/smog_bielsko/components/city/CityDescription.js
FN:5,(anonymous_0)
FNF:1
FNH:1
FNDA:2,(anonymous_0)
DA:6,2
DA:19,3
LF:2
LH:2
BRF:0
BRH:0
end_of_record
TN:
SF:/Users/Pien/Projects/smog_bielsko/components/city/CityInfo.js
FN:8,(anonymous_0)
FN:15,(anonymous_1)
FN:24,(anonymous_2)
FNF:3
FNH:3
FNDA:2,(anonymous_0)
FNDA:2,(anonymous_1)
FNDA:4,(anonymous_2)
DA:9,2
DA:10,2
DA:16,2
DA:25,4
DA:33,2
LF:5
LH:5
BRF:0
BRH:0
end_of_record
TN:
SF:/Users/Pien/Projects/smog_bielsko/components/city/CityName.js
FN:5,(anonymous_0)
FN:9,(anonymous_1)
FNF:2
FNH:2
FNDA:2,(anonymous_0)
FNDA:2,(anonymous_1)
DA:6,2
DA:10,2
DA:24,3
LF:3
LH:3
BRF:0
BRH:0
end_of_record
TN:
SF:/Users/Pien/Projects/smog_bielsko/components/nav/DrawerCityLink.js
FN:5,(anonymous_0)
FN:8,(anonymous_1)
FN:19,(anonymous_2)
FNF:3
FNH:3
FNDA:6,(anonymous_0)
FNDA:1,(anonymous_1)
FNDA:8,(anonymous_2)
DA:6,6
DA:8,1
DA:20,8
DA:30,2
LF:4
LH:4
BRDA:9,0,0,5
BRDA:9,0,1,1
BRF:2
BRH:2
end_of_record
TN:
SF:/Users/Pien/Projects/smog_bielsko/components/nav/DrawerHeader.js
FN:5,(anonymous_0)
FNF:1
FNH:1
FNDA:2,(anonymous_0)
DA:6,2
DA:18,2
LF:2
LH:2
BRF:0
BRH:0
end_of_record
TN:
SF:/Users/Pien/Projects/smog_bielsko/components/nav/DrawerMenu.js
FN:8,(anonymous_0)
FNF:1
FNH:1
FNDA:2,(anonymous_0)
DA:9,2
DA:29,1
LF:2
LH:2
BRF:0
BRH:0
end_of_record
TN:
SF:/Users/Pien/Projects/smog_bielsko/components/pollution/AirQualityIndex.js
FN:5,(anonymous_0)
FN:14,(anonymous_1)
FNF:2
FNH:2
FNDA:8,(anonymous_0)
FNDA:14,(anonymous_1)
DA:6,8
DA:7,8
DA:15,14
DA:16,5
DA:17,4
DA:18,3
DA:19,2
DA:20,1
DA:28,2
DA:37,2
DA:46,2
LF:11
LH:11
BRDA:15,0,0,9
BRDA:15,0,1,5
BRDA:16,1,0,1
BRDA:16,1,1,4
BRDA:17,2,0,1
BRDA:17,2,1,3
BRDA:18,3,0,1
BRDA:18,3,1,2
BRDA:19,4,0,1
BRDA:19,4,1,1
BRF:10
BRH:10
end_of_record
TN:
SF:/Users/Pien/Projects/smog_bielsko/components/pollution/PollutionValues.js
FN:5,(anonymous_0)
FN:20,(anonymous_1)
FN:24,(anonymous_2)
FNF:3
FNH:3
FNDA:4,(anonymous_0)
FNDA:30,(anonymous_1)
FNDA:9,(anonymous_2)
DA:6,4
DA:7,4
DA:8,8
DA:9,8
DA:10,8
DA:13,4
DA:21,30
DA:25,9
DA:33,2
DA:45,2
DA:52,2
LF:11
LH:11
BRF:0
BRH:0
end_of_record
